  main.cpp
LINK : warning LNK4098: defaultlib 'MSVCRT' conflicts with use of other libs; use /NODEFAULTLIB:library
LIBCMTD.lib(initializers.obj) : warning LNK4098: defaultlib 'libcmt.lib' conflicts with use of other libs; use /NODEFAULTLIB:library
libprotobufd.lib(arena.obj) : warning LNK4099: PDB 'libprotobuf.pdb' was not found with 'libprotobufd.lib(arena.obj)' or at 'C:\Users\Mark\Desktop\SC2API_Binary_vs2017\project\x64\Debug\libprotobuf.pdb'; linking object as if no debug info
libprotobufd.lib(arenastring.obj) : warning LNK4099: PDB 'libprotobuf.pdb' was not found with 'libprotobufd.lib(arenastring.obj)' or at 'C:\Users\Mark\Desktop\SC2API_Binary_vs2017\project\x64\Debug\libprotobuf.pdb'; linking object as if no debug info
libprotobufd.lib(extension_set.obj) : warning LNK4099: PDB 'libprotobuf.pdb' was not found with 'libprotobufd.lib(extension_set.obj)' or at 'C:\Users\Mark\Desktop\SC2API_Binary_vs2017\project\x64\Debug\libprotobuf.pdb'; linking object as if no debug info
libprotobufd.lib(generated_message_util.obj) : warning LNK4099: PDB 'libprotobuf.pdb' was not found with 'libprotobufd.lib(generated_message_util.obj)' or at 'C:\Users\Mark\Desktop\SC2API_Binary_vs2017\project\x64\Debug\libprotobuf.pdb'; linking object as if no debug info
libprotobufd.lib(coded_stream.obj) : warning LNK4099: PDB 'libprotobuf.pdb' was not found with 'libprotobufd.lib(coded_stream.obj)' or at 'C:\Users\Mark\Desktop\SC2API_Binary_vs2017\project\x64\Debug\libprotobuf.pdb'; linking object as if no debug info
libprotobufd.lib(zero_copy_stream.obj) : warning LNK4099: PDB 'libprotobuf.pdb' was not found with 'libprotobufd.lib(zero_copy_stream.obj)' or at 'C:\Users\Mark\Desktop\SC2API_Binary_vs2017\project\x64\Debug\libprotobuf.pdb'; linking object as if no debug info
libprotobufd.lib(zero_copy_stream_impl_lite.obj) : warning LNK4099: PDB 'libprotobuf.pdb' was not found with 'libprotobufd.lib(zero_copy_stream_impl_lite.obj)' or at 'C:\Users\Mark\Desktop\SC2API_Binary_vs2017\project\x64\Debug\libprotobuf.pdb'; linking object as if no debug info
libprotobufd.lib(message_lite.obj) : warning LNK4099: PDB 'libprotobuf.pdb' was not found with 'libprotobufd.lib(message_lite.obj)' or at 'C:\Users\Mark\Desktop\SC2API_Binary_vs2017\project\x64\Debug\libprotobuf.pdb'; linking object as if no debug info
libprotobufd.lib(repeated_field.obj) : warning LNK4099: PDB 'libprotobuf.pdb' was not found with 'libprotobufd.lib(repeated_field.obj)' or at 'C:\Users\Mark\Desktop\SC2API_Binary_vs2017\project\x64\Debug\libprotobuf.pdb'; linking object as if no debug info
libprotobufd.lib(atomicops_internals_x86_msvc.obj) : warning LNK4099: PDB 'libprotobuf.pdb' was not found with 'libprotobufd.lib(atomicops_internals_x86_msvc.obj)' or at 'C:\Users\Mark\Desktop\SC2API_Binary_vs2017\project\x64\Debug\libprotobuf.pdb'; linking object as if no debug info
libprotobufd.lib(common.obj) : warning LNK4099: PDB 'libprotobuf.pdb' was not found with 'libprotobufd.lib(common.obj)' or at 'C:\Users\Mark\Desktop\SC2API_Binary_vs2017\project\x64\Debug\libprotobuf.pdb'; linking object as if no debug info
libprotobufd.lib(int128.obj) : warning LNK4099: PDB 'libprotobuf.pdb' was not found with 'libprotobufd.lib(int128.obj)' or at 'C:\Users\Mark\Desktop\SC2API_Binary_vs2017\project\x64\Debug\libprotobuf.pdb'; linking object as if no debug info
libprotobufd.lib(once.obj) : warning LNK4099: PDB 'libprotobuf.pdb' was not found with 'libprotobufd.lib(once.obj)' or at 'C:\Users\Mark\Desktop\SC2API_Binary_vs2017\project\x64\Debug\libprotobuf.pdb'; linking object as if no debug info
libprotobufd.lib(status.obj) : warning LNK4099: PDB 'libprotobuf.pdb' was not found with 'libprotobufd.lib(status.obj)' or at 'C:\Users\Mark\Desktop\SC2API_Binary_vs2017\project\x64\Debug\libprotobuf.pdb'; linking object as if no debug info
libprotobufd.lib(stringpiece.obj) : warning LNK4099: PDB 'libprotobuf.pdb' was not found with 'libprotobufd.lib(stringpiece.obj)' or at 'C:\Users\Mark\Desktop\SC2API_Binary_vs2017\project\x64\Debug\libprotobuf.pdb'; linking object as if no debug info
libprotobufd.lib(stringprintf.obj) : warning LNK4099: PDB 'libprotobuf.pdb' was not found with 'libprotobufd.lib(stringprintf.obj)' or at 'C:\Users\Mark\Desktop\SC2API_Binary_vs2017\project\x64\Debug\libprotobuf.pdb'; linking object as if no debug info
libprotobufd.lib(structurally_valid.obj) : warning LNK4099: PDB 'libprotobuf.pdb' was not found with 'libprotobufd.lib(structurally_valid.obj)' or at 'C:\Users\Mark\Desktop\SC2API_Binary_vs2017\project\x64\Debug\libprotobuf.pdb'; linking object as if no debug info
libprotobufd.lib(strutil.obj) : warning LNK4099: PDB 'libprotobuf.pdb' was not found with 'libprotobufd.lib(strutil.obj)' or at 'C:\Users\Mark\Desktop\SC2API_Binary_vs2017\project\x64\Debug\libprotobuf.pdb'; linking object as if no debug info
libprotobufd.lib(wire_format_lite.obj) : warning LNK4099: PDB 'libprotobuf.pdb' was not found with 'libprotobufd.lib(wire_format_lite.obj)' or at 'C:\Users\Mark\Desktop\SC2API_Binary_vs2017\project\x64\Debug\libprotobuf.pdb'; linking object as if no debug info
libprotobufd.lib(any.obj) : warning LNK4099: PDB 'libprotobuf.pdb' was not found with 'libprotobufd.lib(any.obj)' or at 'C:\Users\Mark\Desktop\SC2API_Binary_vs2017\project\x64\Debug\libprotobuf.pdb'; linking object as if no debug info
libprotobufd.lib(descriptor.obj) : warning LNK4099: PDB 'libprotobuf.pdb' was not found with 'libprotobufd.lib(descriptor.obj)' or at 'C:\Users\Mark\Desktop\SC2API_Binary_vs2017\project\x64\Debug\libprotobuf.pdb'; linking object as if no debug info
libprotobufd.lib(descriptor.pb.obj) : warning LNK4099: PDB 'libprotobuf.pdb' was not found with 'libprotobufd.lib(descriptor.pb.obj)' or at 'C:\Users\Mark\Desktop\SC2API_Binary_vs2017\project\x64\Debug\libprotobuf.pdb'; linking object as if no debug info
libprotobufd.lib(descriptor_database.obj) : warning LNK4099: PDB 'libprotobuf.pdb' was not found with 'libprotobufd.lib(descriptor_database.obj)' or at 'C:\Users\Mark\Desktop\SC2API_Binary_vs2017\project\x64\Debug\libprotobuf.pdb'; linking object as if no debug info
libprotobufd.lib(dynamic_message.obj) : warning LNK4099: PDB 'libprotobuf.pdb' was not found with 'libprotobufd.lib(dynamic_message.obj)' or at 'C:\Users\Mark\Desktop\SC2API_Binary_vs2017\project\x64\Debug\libprotobuf.pdb'; linking object as if no debug info
libprotobufd.lib(extension_set_heavy.obj) : warning LNK4099: PDB 'libprotobuf.pdb' was not found with 'libprotobufd.lib(extension_set_heavy.obj)' or at 'C:\Users\Mark\Desktop\SC2API_Binary_vs2017\project\x64\Debug\libprotobuf.pdb'; linking object as if no debug info
libprotobufd.lib(generated_message_reflection.obj) : warning LNK4099: PDB 'libprotobuf.pdb' was not found with 'libprotobufd.lib(generated_message_reflection.obj)' or at 'C:\Users\Mark\Desktop\SC2API_Binary_vs2017\project\x64\Debug\libprotobuf.pdb'; linking object as if no debug info
libprotobufd.lib(strtod.obj) : warning LNK4099: PDB 'libprotobuf.pdb' was not found with 'libprotobufd.lib(strtod.obj)' or at 'C:\Users\Mark\Desktop\SC2API_Binary_vs2017\project\x64\Debug\libprotobuf.pdb'; linking object as if no debug info
libprotobufd.lib(tokenizer.obj) : warning LNK4099: PDB 'libprotobuf.pdb' was not found with 'libprotobufd.lib(tokenizer.obj)' or at 'C:\Users\Mark\Desktop\SC2API_Binary_vs2017\project\x64\Debug\libprotobuf.pdb'; linking object as if no debug info
libprotobufd.lib(zero_copy_stream_impl.obj) : warning LNK4099: PDB 'libprotobuf.pdb' was not found with 'libprotobufd.lib(zero_copy_stream_impl.obj)' or at 'C:\Users\Mark\Desktop\SC2API_Binary_vs2017\project\x64\Debug\libprotobuf.pdb'; linking object as if no debug info
libprotobufd.lib(map_field.obj) : warning LNK4099: PDB 'libprotobuf.pdb' was not found with 'libprotobufd.lib(map_field.obj)' or at 'C:\Users\Mark\Desktop\SC2API_Binary_vs2017\project\x64\Debug\libprotobuf.pdb'; linking object as if no debug info
libprotobufd.lib(message.obj) : warning LNK4099: PDB 'libprotobuf.pdb' was not found with 'libprotobufd.lib(message.obj)' or at 'C:\Users\Mark\Desktop\SC2API_Binary_vs2017\project\x64\Debug\libprotobuf.pdb'; linking object as if no debug info
libprotobufd.lib(reflection_ops.obj) : warning LNK4099: PDB 'libprotobuf.pdb' was not found with 'libprotobufd.lib(reflection_ops.obj)' or at 'C:\Users\Mark\Desktop\SC2API_Binary_vs2017\project\x64\Debug\libprotobuf.pdb'; linking object as if no debug info
libprotobufd.lib(substitute.obj) : warning LNK4099: PDB 'libprotobuf.pdb' was not found with 'libprotobufd.lib(substitute.obj)' or at 'C:\Users\Mark\Desktop\SC2API_Binary_vs2017\project\x64\Debug\libprotobuf.pdb'; linking object as if no debug info
libprotobufd.lib(text_format.obj) : warning LNK4099: PDB 'libprotobuf.pdb' was not found with 'libprotobufd.lib(text_format.obj)' or at 'C:\Users\Mark\Desktop\SC2API_Binary_vs2017\project\x64\Debug\libprotobuf.pdb'; linking object as if no debug info
libprotobufd.lib(unknown_field_set.obj) : warning LNK4099: PDB 'libprotobuf.pdb' was not found with 'libprotobufd.lib(unknown_field_set.obj)' or at 'C:\Users\Mark\Desktop\SC2API_Binary_vs2017\project\x64\Debug\libprotobuf.pdb'; linking object as if no debug info
libprotobufd.lib(wire_format.obj) : warning LNK4099: PDB 'libprotobuf.pdb' was not found with 'libprotobufd.lib(wire_format.obj)' or at 'C:\Users\Mark\Desktop\SC2API_Binary_vs2017\project\x64\Debug\libprotobuf.pdb'; linking object as if no debug info
sc2apid.lib(sc2_map_info.obj) : warning LNK4099: PDB 'sc2api.pdb' was not found with 'sc2apid.lib(sc2_map_info.obj)' or at 'C:\Users\Mark\Desktop\SC2API_Binary_vs2017\project\x64\Debug\sc2api.pdb'; linking object as if no debug info
sc2apid.lib(sc2_action.obj) : warning LNK4099: PDB 'sc2api.pdb' was not found with 'sc2apid.lib(sc2_action.obj)' or at 'C:\Users\Mark\Desktop\SC2API_Binary_vs2017\project\x64\Debug\sc2api.pdb'; linking object as if no debug info
sc2apid.lib(sc2_agent.obj) : warning LNK4099: PDB 'sc2api.pdb' was not found with 'sc2apid.lib(sc2_agent.obj)' or at 'C:\Users\Mark\Desktop\SC2API_Binary_vs2017\project\x64\Debug\sc2api.pdb'; linking object as if no debug info
sc2apid.lib(sc2_args.obj) : warning LNK4099: PDB 'sc2api.pdb' was not found with 'sc2apid.lib(sc2_args.obj)' or at 'C:\Users\Mark\Desktop\SC2API_Binary_vs2017\project\x64\Debug\sc2api.pdb'; linking object as if no debug info
sc2apid.lib(sc2_client.obj) : warning LNK4099: PDB 'sc2api.pdb' was not found with 'sc2apid.lib(sc2_client.obj)' or at 'C:\Users\Mark\Desktop\SC2API_Binary_vs2017\project\x64\Debug\sc2api.pdb'; linking object as if no debug info
sc2apid.lib(sc2_connection.obj) : warning LNK4099: PDB 'sc2api.pdb' was not found with 'sc2apid.lib(sc2_connection.obj)' or at 'C:\Users\Mark\Desktop\SC2API_Binary_vs2017\project\x64\Debug\sc2api.pdb'; linking object as if no debug info
sc2apid.lib(sc2_coordinator.obj) : warning LNK4099: PDB 'sc2api.pdb' was not found with 'sc2apid.lib(sc2_coordinator.obj)' or at 'C:\Users\Mark\Desktop\SC2API_Binary_vs2017\project\x64\Debug\sc2api.pdb'; linking object as if no debug info
sc2apid.lib(sc2_data.obj) : warning LNK4099: PDB 'sc2api.pdb' was not found with 'sc2apid.lib(sc2_data.obj)' or at 'C:\Users\Mark\Desktop\SC2API_Binary_vs2017\project\x64\Debug\sc2api.pdb'; linking object as if no debug info
sc2apid.lib(sc2_game_settings.obj) : warning LNK4099: PDB 'sc2api.pdb' was not found with 'sc2apid.lib(sc2_game_settings.obj)' or at 'C:\Users\Mark\Desktop\SC2API_Binary_vs2017\project\x64\Debug\sc2api.pdb'; linking object as if no debug info
sc2apid.lib(sc2_proto_interface.obj) : warning LNK4099: PDB 'sc2api.pdb' was not found with 'sc2apid.lib(sc2_proto_interface.obj)' or at 'C:\Users\Mark\Desktop\SC2API_Binary_vs2017\project\x64\Debug\sc2api.pdb'; linking object as if no debug info
sc2apid.lib(sc2_proto_to_pods.obj) : warning LNK4099: PDB 'sc2api.pdb' was not found with 'sc2apid.lib(sc2_proto_to_pods.obj)' or at 'C:\Users\Mark\Desktop\SC2API_Binary_vs2017\project\x64\Debug\sc2api.pdb'; linking object as if no debug info
sc2apid.lib(sc2_replay_observer.obj) : warning LNK4099: PDB 'sc2api.pdb' was not found with 'sc2apid.lib(sc2_replay_observer.obj)' or at 'C:\Users\Mark\Desktop\SC2API_Binary_vs2017\project\x64\Debug\sc2api.pdb'; linking object as if no debug info
sc2apid.lib(sc2_score.obj) : warning LNK4099: PDB 'sc2api.pdb' was not found with 'sc2apid.lib(sc2_score.obj)' or at 'C:\Users\Mark\Desktop\SC2API_Binary_vs2017\project\x64\Debug\sc2api.pdb'; linking object as if no debug info
sc2apid.lib(sc2_unit.obj) : warning LNK4099: PDB 'sc2api.pdb' was not found with 'sc2apid.lib(sc2_unit.obj)' or at 'C:\Users\Mark\Desktop\SC2API_Binary_vs2017\project\x64\Debug\sc2api.pdb'; linking object as if no debug info
sc2protocold.lib(common.pb.obj) : warning LNK4099: PDB 'sc2protocol.pdb' was not found with 'sc2protocold.lib(common.pb.obj)' or at 'C:\Users\Mark\Desktop\SC2API_Binary_vs2017\project\x64\Debug\sc2protocol.pdb'; linking object as if no debug info
sc2protocold.lib(data.pb.obj) : warning LNK4099: PDB 'sc2protocol.pdb' was not found with 'sc2protocold.lib(data.pb.obj)' or at 'C:\Users\Mark\Desktop\SC2API_Binary_vs2017\project\x64\Debug\sc2protocol.pdb'; linking object as if no debug info
sc2protocold.lib(debug.pb.obj) : warning LNK4099: PDB 'sc2protocol.pdb' was not found with 'sc2protocold.lib(debug.pb.obj)' or at 'C:\Users\Mark\Desktop\SC2API_Binary_vs2017\project\x64\Debug\sc2protocol.pdb'; linking object as if no debug info
sc2protocold.lib(error.pb.obj) : warning LNK4099: PDB 'sc2protocol.pdb' was not found with 'sc2protocold.lib(error.pb.obj)' or at 'C:\Users\Mark\Desktop\SC2API_Binary_vs2017\project\x64\Debug\sc2protocol.pdb'; linking object as if no debug info
sc2protocold.lib(query.pb.obj) : warning LNK4099: PDB 'sc2protocol.pdb' was not found with 'sc2protocold.lib(query.pb.obj)' or at 'C:\Users\Mark\Desktop\SC2API_Binary_vs2017\project\x64\Debug\sc2protocol.pdb'; linking object as if no debug info
sc2protocold.lib(raw.pb.obj) : warning LNK4099: PDB 'sc2protocol.pdb' was not found with 'sc2protocold.lib(raw.pb.obj)' or at 'C:\Users\Mark\Desktop\SC2API_Binary_vs2017\project\x64\Debug\sc2protocol.pdb'; linking object as if no debug info
sc2protocold.lib(sc2api.pb.obj) : warning LNK4099: PDB 'sc2protocol.pdb' was not found with 'sc2protocold.lib(sc2api.pb.obj)' or at 'C:\Users\Mark\Desktop\SC2API_Binary_vs2017\project\x64\Debug\sc2protocol.pdb'; linking object as if no debug info
sc2protocold.lib(score.pb.obj) : warning LNK4099: PDB 'sc2protocol.pdb' was not found with 'sc2protocold.lib(score.pb.obj)' or at 'C:\Users\Mark\Desktop\SC2API_Binary_vs2017\project\x64\Debug\sc2protocol.pdb'; linking object as if no debug info
sc2protocold.lib(spatial.pb.obj) : warning LNK4099: PDB 'sc2protocol.pdb' was not found with 'sc2protocold.lib(spatial.pb.obj)' or at 'C:\Users\Mark\Desktop\SC2API_Binary_vs2017\project\x64\Debug\sc2protocol.pdb'; linking object as if no debug info
sc2protocold.lib(ui.pb.obj) : warning LNK4099: PDB 'sc2protocol.pdb' was not found with 'sc2protocold.lib(ui.pb.obj)' or at 'C:\Users\Mark\Desktop\SC2API_Binary_vs2017\project\x64\Debug\sc2protocol.pdb'; linking object as if no debug info
sc2utilsd.lib(sc2_arg_parser.obj) : warning LNK4099: PDB 'sc2utils.pdb' was not found with 'sc2utilsd.lib(sc2_arg_parser.obj)' or at 'C:\Users\Mark\Desktop\SC2API_Binary_vs2017\project\x64\Debug\sc2utils.pdb'; linking object as if no debug info
sc2utilsd.lib(sc2_manage_process.obj) : warning LNK4099: PDB 'sc2utils.pdb' was not found with 'sc2utilsd.lib(sc2_manage_process.obj)' or at 'C:\Users\Mark\Desktop\SC2API_Binary_vs2017\project\x64\Debug\sc2utils.pdb'; linking object as if no debug info
sc2utilsd.lib(sc2_property_reader.obj) : warning LNK4099: PDB 'sc2utils.pdb' was not found with 'sc2utilsd.lib(sc2_property_reader.obj)' or at 'C:\Users\Mark\Desktop\SC2API_Binary_vs2017\project\x64\Debug\sc2utils.pdb'; linking object as if no debug info
sc2utilsd.lib(sc2_scan_directory.obj) : warning LNK4099: PDB 'sc2utils.pdb' was not found with 'sc2utilsd.lib(sc2_scan_directory.obj)' or at 'C:\Users\Mark\Desktop\SC2API_Binary_vs2017\project\x64\Debug\sc2utils.pdb'; linking object as if no debug info
  bot.vcxproj -> C:\Users\Mark\Desktop\SC2API_Binary_vs2017\project\x64\Debug\bot.exe
